<?xml version="1.0" encoding="UTF-8"?>
<!-- Generated by org.testng.reporters.JUnitReportReporter -->
<testsuite ignored="0" hostname="CTRLSOFT-H51A58" failures="0" tests="1" name="com.learnautomation.testcases.LoginTestCMR" time="5.921" errors="0" timestamp="23 Mar 2021 10:27:49 GMT" skipped="0">
  <testcase classname="com.learnautomation.testcases.LoginTestCMR" name="loginApp" time="5.921"/>
</testsuite> <!-- com.learnautomation.testcases.LoginTestCMR -->
